7.33333
32.1250.4848480.04545450.4393940.030303prob pair AA: 0.230769
prob pair CA: 0.200000
prob pair TA: 0.030769
prob pair GA: 0.015385
prob pair AC: 0.215385
prob pair CC: 0.215385
prob pair TC: 0.015385
prob pair GC: 0.000000
prob pair AT: 0.000000
prob pair CT: 0.030769
prob pair TT: 0.000000
prob pair GT: 0.015385
prob pair AG: 0.030769
prob pair CG: 0.000000
prob pair TG: 0.000000
prob pair GG: 0.000000
prob pair AA: 0.230769
prob pair CA: 0.200000
prob pair TA: 0.030769
prob pair GA: 0.015385
prob pair AC: 0.215385
prob pair CC: 0.215385
prob pair TC: 0.015385
prob pair GC: 0.000000
prob pair AT: 0.000000
prob pair CT: 0.030769
prob pair TT: 0.000000
prob pair GT: 0.015385
prob pair AG: 0.030769
prob pair CG: 0.000000
prob pair TG: 0.000000
prob pair GG: 0.000000
CA
CAGAAACCCCCCACAAA
ACTACACCACAACAA
CAAAAA
CA
CCAACC
AAAAAACCC
ACAACAAAGACCCA
CCC
A
AACA
AGCAAC
C
AAACAACCCA
A
ATA
CACTAACCCAAAA
CCCCACAACCAAA
AACCAA
CC
AAAATAC
ACCAAAACCC
ACCCCA
AACAC
C
ACCACCAT
CAAAACCAAGC
CCCAC
CAAAA
ACACAC
C
ACATA
CCCCACAA
CAA
AC
AACACTAACA
CAAACC
CCAAAAA
CAAAACGACAAGC
ACACCCCACC
ACAA
CCCACCTCTT
CTAACA
CCAC
CA
CTCCACAACAGA
AAC
C
AACCAAGCA
AAC
CAA
ACAA
CAAACAAACAAA
CGCCCAA
AACCACAAACACA
CA
ACAACCTCCATACACCACCCCCACCC
TACAACCCACAAGAAC
ACC
C
AAACCACACC
C
CACACCACCACCAAAT
AAAACCACC
TACAAGCCAAAAG
AACCCA
CCC
CCCCAACAAA
CGACCA
AACAACCCAAAAACCAA
CAG
TGCCACCA
CA
CAAAAA
ACCCACCACCA
AAACAAAAA
ACACCCCAAC
ACA
ACACCCAACAACCCAAGCCCA
TATACAACCTAACCCT
AAATCCCAAACC
CGGAAACAAC
AAATGAAAAT
A
TT
CCCC
AAAACCCCCCCGAAAAACAAAAA
TCCCCCAAGACAAAATGAAAAA
ACACAACGAACTCCTCA
A
A
A
C
TCCCTAATACCAAAAA
ACCC
GAACGCACCGCAACAAAT
ACCC
CCTC
ACCAACGCCCACACACC
CTACACACACA
CCTACTCAA
CCACACAAAACCCCAACCCA
AAAAAACAACACAAA
ACAGCAA
TACACCCT
AACCCTAA
AACAACCC
CACAACATCCCGCCC
AACACCACAACAATA
ACA
AACACAC
AAACAACCCCACAACCAACCCA
TCCACCCCA
A
ACCCAAGTCAAACTCAACATCCC
AACCACCCCATCA
CGCA
CA
TCCCCATCAAAT
CCCCA
CCCCAAAAACACA
CACCCCCCAAACC
CCCCCA
CCCAC
ACAC
ACCAAAACACCAAAGCC
CAA
CAAAACAAACCATT
ACCCCCCCCCAAACCG
AAAA
AAAAA
CAAAAACCCCACTC
CAACCAACAACC
ACAAAAC
ACAA
CCA
CAACCCTCA
ACACTAACCCCCC
ACCCAACAA
AACAAAAAC
CGAACCACACAC
ATAA
CCCCCTGCCAAAA
CAC
CCACAACACAA
AAAAA
ACAAACCCCTA
CGCACACCAACAAACA
ACACATACCAA
GC
CCACCAAAA
CCTAA
CAACCACCAC
GAAACTACA
AACTAAAAC
ACAAAAAAAGAAGCAACACC
AACCACAAC
A
C
C
CCCCAA
AAAACCTAAAACCC
A
ACAACACAAAAGAC
C
CCCAACCAAA
CAACG
AACCACCAAACCTC
TTAAAACAGAAC
ACCCAAATAAAAGA
ACAA
CCC
CAAAACAGAA
CCACCCCCCA
ACCGAAAACACAACACCA
CAAACTAA
AAAAACACAA
AAA
ACAC
AATACAAA
CCAA
CA
ACTCCAAT
AAAAACCCCAAACCCCACCAAC
CCAA
ACCAACCC
CCAAA
CACCA
AAACACAAC
CCAC
ACGCACCAAACCCCACAACGACCCA
AGCAAAATCAC
CAAAACCAC
CAACACAC
CCAA
AAACTC
CCCAAACCACCCACACAA
AAACAACACCACA
ACAAAGC
AGCCAGACA
ACCC
ACACCCAACA
CAACCTACACCCTAACAAA
CCCAAC
TCA
GCCACACACCCCACAC
ACAATACA
AAAATAACAATCCCCAACCCACAAA
CC
CACAACACAC
AAAACAC
CCACACCC
CACCCC
CCACCCAAAAACA
CACAA
AGAACTCC
AAAAAAACAAACA
CCCCACTAAGTACCCAAGAAAACC
TAA
CC
AAAACAATAA
A
CCCCAACACT
CCTATACAAACAACCAATCC
ACCTCATCCCC
AAACAC
CAC
CC
ACCACACATAAA
TACCCGACCCACAAACACA
C
AA
CCCCAGAC
ACC
AGCAA
ACAAACCCAAC
CCAACACAAC
CCA
CACC
AACCAAAAA
CACAATA
CACC
CCGACACACCCTACC
CCCT
A
CAACAA
CACA
AA
AACACA
GCAC
TCCAGACCCAGCAAGCA
AATCACCCAAAAACCCCAAAACA
C
CCCCACAA
AAAAACAAACAAACC
CAC
CCCCAAACAAACCCACCAAAA
AC
CC
ACCA
AAAAC
GACCAATCCCAACGACCATCC
GACACACCACAAAAAA
AC
TTAACCC
CA
TACCCCGC
CACCCCGAACACCAACAAAAC
ACAACAAAAC
A
ACCAA
CACTAACACCTA
CACCCAATCAACCCCAACATC
ACCGCAAACAC
ACAACACACCAA
ACAACACCCTCACA
AAA
GCAACCCCCA
ACAACAAC
AA
CAAAAA
AAAAGCA
CA
TCAACCCCCAAC
ACACACCAC
ACACAAACACAA
CCAAACCAAAAC
AACACTCC
CCACCCCCAAACACCACTC
CAAGAACCACA
ACAAAC
AAAGCTTAAAACCA
CCACCC
ACACAAACCCCACC
TACCA
TCCCCAGCTCCCA
CACCCAAAAAACCCT
CCACAACACACCCTCCCA
ACCCACA
AAAAAAA
CAAATCACCCACC
CACAAACCCCC
AAACA
AAACCACCAA
ACCCAAAC
CACTCA
AAACAAAACAACGCCC
ACCAACACAAA
CCAAACCA
AACACCCCCAAAAC
AAAGCCCAAT
G
AA
CAAACACCCC
ACAAACTACCAC
AAACCC
ACAA
CACCTCCAC
CCC
CATGACCACAG
CCCCCC
CAAACCA
CCACCCACC
C
A
AAAACCACA
ACCTATCACACAAAACCCAATACAGA
CAACT
A
AAA
AATAGCAA
ACCCCCAC
CCC
CCAACCCCCCCA
CAA
CACCACCTAAATA
ACCGAA
CTA
CATCACAAAA
ACAAAACGACAC
ACAGCCAC
ACCACA
CCCTAACAAA
C
T
CAAAAACACCAA
GA
CCACC
CACCACACACACA
AAATAAACAAACCGGACAA
G
A
CCAC
CCC
AAACCG
AAACCTCA
CCACA
CCAC
ACACAAA
CACAAACCACAAA
CGTCCAACCC
ACCA
CACAGAACAC
AC
CAACCACACCAAC
CT
TCCCAC
C
CC
CAAACCGCGCCAACT
C
AAT
AGAAAAC
GA
ACCACACCTAAC
TCACCA
CCCAACCGCCCACACA
CAACC
CGAAAACAC
CACAAA
AAA
AAACGAACAACA
ACAGACCAC
AC
C
AACACCCCACAC
ACCAAACCCAAAC
ATAACAAAACCCCCAACCTA
ACCATAAG
CACCCCACACAAA
GAAAGCACAC
CCAAC
AAAAC
A
CACTCATAC
A
ACCAAAAACAAACACCT
C
AAACCCAC
CTCCATATAAAAACCAA
AC
ACAAGAAACAAACAC
GCCACCCC
AGACAACAACACACACAA
TAACCTACCC
C
CA
CCC
AAAACCCCT
CA
CAACCCCAC
ACGCCA
AC
GAAAAAC
TT
ACTAAA
AACCA
CCACCAACCTAAC
ACAAACCCCAAACC
CCCCCACATCCAA
CCAACATCCAACCCAACACACCCA
CCCGC
ACCCCC
CAACAAAAAAAACA
ACAAC
AACCTA
CCCAAA
ACCCACAACAC
ACCC
CCAAAACCAAA
CAGTCAACC
ATAACCCAA
CA
ACCCAAAAACA
TAAATCCCAAA
C
AACC
CAACCA
CAAGAACACCACACATC
AACCCGAACCCCCCC
CAACCCA
CAAAACAAAC
AC
AACAC
CCCCACTCCA
CACCCACAC
AACCCCCC
ACCGCACATACAC
ACCCCCAACCCAAAACAAC
ACAGTCACCCC
AAAAACAACC
CCAAGCACC
CCAA
TCCACTCAACAAT
CCACACA
ACCCACCAAAACA
CA
ACAGAC
AGCCAA
ACCCACC
CACACAA
ACCTAATTCAACCCCC
AACCCAACCC
CACAATAACAAACAAC
AACA
CA
A
GCAATACAATCACAAAACCAAC
AACCCCACACAACCACC
CACCAAACCACACACC
CAA
AAACCACCCAACC
AAACAAAGCC
ACGCCAACC
CACACACCACAAAA
AA
AGCACCACCA
ACAAAACAAGCAAC
CACAAAAC
ATCAAAACCACACCA
CACAACCACAC
AGATACA
CAAA
AAAACCA
ACAAACCAC
A
CTCT
CAAAAACGCAACA
AACCAAA
CAAAAAAAAAAAA
CACAA
C
AAA
AAA
AACACCCA
ACCAACCCACAAACACCAC
AA
AGAAACCAACACC
CAACCA
CCAACCAA
CTAA
CAC
AACACAAAACCC
AC
CAACACACACACCCAATACAAC
ACCACCCAAA
CAAACACACACCAACA
ACC
ACT
ACACAA
ACAACCC
AACC
CAA
AC
CAACCTCCCATAC
CTCACTCA
AAACAAAC
AACAACACCC
C
A
A
AAAACC
ACCCCCC
AACAAACAAAACA
CCAAAACATCC
CCACTTAAAC
AAACCAAAC
CCCCACA
ATCACCCGC
AACCCCCCACAAACCAAT
ACAACA
ACTACATA
AAAAAAAACCAAAA
AC
AACAACCAACAAACCCAGCCC
GAACAC
AAAAC
TA
A
AAAAGCCCTC
CATAC
TA
CCTA
GAAAAA
AATACACAACCGACAACG
AAGAAAC
CCACCACC
CCCCTCCAA
AAC
ACACATACCACCCACCAAA
AACTCCAACCAACACCCACCCAAACCAAAAAAA
AAAATA
CCCC
ACCATACCACCCAAACAACCACCC
ACACCAACAACACAACCACCCACC
AA
CCACAAAACAACCACCCA
ACCT
ACCATCCACCACCAAACC
ACCAACCACACCCCACAT
CACCACCAC
ACAA
AACAACCCCAACTACA
ACG
CAACCCC
ACAAACAA
G
CTC
ACACC
ATACCT
GAA
CCCCCA
ATACCAAAACAACA
A
CCAAAA
CACAA
CACACACAA
AACCAAACA
ACCAA
GCAAAAAAAACCCTAAAACCCACAA
ACTTCCACCATCCAAA
CA
A
ACCAACCCCCAA
CA
AAAAAAACAC
ACATAACC
CACCCAGCAAAA
ACCCACGA
AA
ACACAGACA
AACATACAAAC
ACCCAACAA
AACTCACG
AA
CACCCA
C
AAAAAAA
AAACACACCAT
C
CAACCAC
GAC
CCACAAAACACC
CAAAA
GCGCAGAC
ACAAAAACACAAACCC
TAACA
AA
ACAACC
G
CCCCAAAAAACAACCA
C
CA
TACTA
AGAAACCAAAC
AAAAA
ACCCCA
CAGCGAAAA
AAACCCC
AA
C
AACGCCGACAACAAAAACCCACCGACAACAAA
ACA
CACCCCCAC
CCCACCACACCAACA
AAAACCCAA
CTACA
ACACCAAAAAAAAACACACACCACC
AAAAAGAACAACACACCAACAA
TACCCCA
ACCA
GAAC
CACACAC
ATCCCCCCACGAAAAAA
AAACCTAA
AATA
ACAGTATACAAG
AACCAACACAAAAAA
CAACACCAACCAT
AACAAAC
AACACAAAACTAA
CAAAACAAA
CACCC
AACAAACT
AC
C
CCC
CAACT
CACC
TCCCCCAAA
AACAAACCAAC
CAA
TACCCC
TCACCACC
CACAC
CCCAAATAACACACCCCAAAACCCAAACC
CACCAAACA
AAAACAAGCCCAAA
CAATC
AC
A
CCCACC
CGCAA
CTAAAACCCAACCAACCC
CAACCACACCCCC
CCA
CACACCC
AC
TAAACAACCCA
TACAAACCCA
CACACAAGA
ACAA
ACACCCCCACCAAG
CA
AAACACAATACAAAACC
GAC
CAACAACCCAAC
T
C
CAACA
CCGAC
ACCCAAGATCC
CC
AACA
CCACC
ACCTCGACAA
AA
AAAC
CACAAATCA
CAACAAACCCCAAA
ACAAA
AACACCACCCCC
TACCAAC
AC
AAAA
CTACATA
CCTCAC
TAACCAGCAAAAAC
ACAATAGCCTCCCCTCAAA
ACCCC
AATCC
CACAAATAACATT
CCCAACC
AAACTCACACAAAA
CCACACACCC
AAAACCACAAAATACAAA
AACACAAAC
ACCAACACGCTACA
ACAC
ACACCCAA
CAGCCACCACACCACA
CCATCCCACAACCACCGCAC
AATCCA
ACCC
CACAA
CAAAACCTTCAA
AACAAAGACA
AAAAA
ACTAACACTAACCACCC
AAAAAAAACCAAATA
TACCCGCAACAACAACAA
CAAA
A
CCACAA
GCCCCCA
C
C
ATCCA
CGCCCA
AATC
CCCTCACA
AC
AACCAACAA
CCAAAAA
ACACAATCAACAAACCCAA
ACCCAAAAAAAGAAAC
CACGCACCCA
AACACAACACGC
ACGAC
ACAACCA
A
GCAA
ACTACAAAACAAACCAAAAA
CCCAACCCCC
ATA
AACAAAACA
CG
CCCACGCACAAAAACACCAC
A
CCACCA
CCACACCACC
ACAACAAAATCACCC
ACACAC
AACCCCA
AAAAACACCCACAA
ACAA
CAAACA
GCAAAC
AAACCAACAAA
AAAACCA
A
CGAAAACACC
CCAAGC
CA
CCAAAC
CAACCACACCAC
TACCAC
CCC
TCACA
ACATACCACCCCAAAAG
CAACAAAAACAAC
CAAACCACAATAC
ACG
ACCATCCAA
AAAAA
CCCCAC
CAAACAACAA
ACCACCC
AACAAAC
CC
A
AAA
CTACACA
A
ACAAAGCCCCAC
AAACCACCCA
ACAACACCCTCACA
ACCACAC
CACCCACACACA
C
AAC
T
AAAGCACGCAC
CCCCACACCCCA
CCACCC
AT
CATCACCAACACACC
AACCCACCGAGTAACCA
AAACAAAAAG
AG
CACAGCA
C
AAAAACC
ACAAAACAACAAAA
CAACCCCCCCCACAAACAAA
CC
CCAGC
GACCAA
TCCACCCAGACCCCA
CACAACACACCAAC
AACAATAA
CCGAAC
GCAACAAAA
CACCCCC
CCCCACCA
CCACCTG
AA
AACAAACGAA
CCCCAAA
ACAACC
AATC
CACCCAACCACAACCAACCCGAACCCC
TCA
CACACCAAT
CCACCCCCAA
TAAC
ACCACCAAA
CAACC
AATAA
AAAA
AAACTACAAACACC
AA
AAA
CCCCC
ACAACAAACAA
ACCAAAAA
CACACCCCCA
AATACTCACACCCCC
AAACCCCA
CCAACCAACA
CAAAT
GCAACACACTACCAAGC
AA
AACC
CCCAACTAA
ACCTCCTACACGC
CCCA
GCCAACACCAAA
CATAAACGC
CACTCA
C
AAAAAAAAAACAACAACAGC
ACCA
ACCCA
A
CTAAAACCCATC
T
CCAAACCCCAAACA
CCCACC
AACAAA
CCACCTCCT
CCCGACCAAACACCCTAGCACCACA
AAAACCACAC
ACCAACAACATT
ACCAAAACACAAAAACCAAACC
CAACGAAATAAA
CCCGC
CCTAAACCCCACCACCCCCCAC
ACAAA
AA
AAACCCA
ACAAACCACAAACA
CACCCTCT
CCCCAGAAACACAACAAC
CACAACA
AAAA
CCAT
ACA
CCAC
CCAACCCACAAAAACAACA
CGAACCCAA
TAA
ACAACCCC
ACCCAACC
C
CCCCCA
ACCCA
TA
TCCAA
AACCTCACA
CAAAACAATACCACACA
ACAAAACCAAC
AC
CACCCA
CCCTACAAAACAAA
AAAAACACACA
CCCCCCAAA
ACCCCAATAAAAAAGA
CGC
AACAA
CAACCACC
TAATAAAAA
ACA
CAAACT
CACAACC
GGAAACAGACAAAAAAACAAACCACC
CCC
ACCCACACA
ACAAAACCAA
CCCCAAACACAACAAAACAAC
ACACG
TACCCCTCCAACC
ACATCACAACAACACAA
CACCAAGCAC
CAACACA
ACCCCAACCAA
AAAACACCAACC
AAACAAAGCCACAAACAACAACACACAG
TC
ATAC
AACAA
ACGCACTCC
CAAC
AAGACC
TAAACACCA
CGACCCAAAAAAAAACCAAAAAA
ACCCCAACCACAACA
CCCCC
CCCC
CATAT
ACC
TCAACGC
ACAAACAA
CAA
GAACACGGCAAAAACTAAACCA
CATAAGA
CC
CAAGCAAC
AAACTACGAC
C
TAT
ACCACA
CACCA
AA
CCACAGAAAAACCCA
CAACA
CCACAA
GT
TCCAAACCCA
ACACAA
GAC
ACCAAAAACAAGACCC
CC
ACCCCG
CCCAATAAGACAAACA
AACGCCCAC
CCACA
A
ACACCAA
AAAAAAT
CC
CCA
CACTCAAATACCAACCAG
TACCAA
AAAGCCTCTTACACCAC
ACCACCTACAC
C
CCAAC
CA
CT
AA
C
AAACC
CCCCA
AACCAA
TAAACC
CACACCCA
GAC
AAACCCAAACCCAACAAATA
ACACC
CCCAACACCAAC
CACTACCCAACACAAACCCAAATATC
ACAA
AACTCAAAA
AAAAACCACGACCA
AAT
ACAACCCACA
CCTCAAAA
ACCGACTA
A
ACAAACCAAAACCATACC
CACAAAAAAAAAGACAC
ACCCCGCCCACAC
AAAA
CCCCCA
CCCC
AAACCAAAAAAACA
ACCAAC
AACAT
AACCATAAACACAACACA
